Exporter version: 2.93.5, Blender version: 3.1.2
========= Conversion from Blender to Babylon.js =========
	Scene settings used :
		Inline textures     :  false
		Material Type       :  PBR
		Positions Precision :  4
		Normals Precision   :  3
		UVs Precision       :  3
		Vert Color Precision:  3
		Mat Weight Precision:  2
		Keep Z-up r-handed  :  no
		Texture directory   :  D:\Transfert\REV\CERV\rev2020P\assets\blender\
	Python World class constructor completed
	WARNING: No active camera has been assigned, or is not in a currently enabled collection
	processing begun of skeleton:  metarig, id:  0
		processing begun of bone:  spine, index:  0
		processing begun of bone:  spine.001, index:  1
		processing begun of bone:  spine.002, index:  2
		processing begun of bone:  spine.003, index:  3
		processing begun of bone:  spine.004, index:  4
		processing begun of bone:  spine.005, index:  5
		processing begun of bone:  spine.006, index:  6
		processing begun of bone:  shoulder.L, index:  7
		processing begun of bone:  upper_arm.L, index:  8
		processing begun of bone:  forearm.L, index:  9
		processing begun of bone:  hand.L, index:  10
		processing begun of bone:  Finger.R, index:  11
		processing begun of bone:  Finger.001.R, index:  12
		processing begun of bone:  Finger.002.R, index:  13
		processing begun of bone:  Finger.003.R, index:  14
		processing begun of bone:  Finger.004.R, index:  15
		processing begun of bone:  shoulder.R, index:  16
		processing begun of bone:  upper_arm.R, index:  17
		processing begun of bone:  forearm.R, index:  18
		processing begun of bone:  hand.R, index:  19
		processing begun of bone:  Finger.L, index:  20
		processing begun of bone:  Finger.001.L, index:  21
		processing begun of bone:  Finger.002.L, index:  22
		processing begun of bone:  Finger.003.L, index:  23
		processing begun of bone:  Finger.004.L, index:  24
		processing begun of bone:  Tail, index:  25
		processing begun of bone:  Tail.001, index:  26
		processing begun of bone:  Tail.002, index:  27
		processing begun of bone:  pelvis.L, index:  28
		processing begun of bone:  pelvis.R, index:  29
		processing begun of bone:  thigh.L, index:  30
		processing begun of bone:  shin.L, index:  31
		processing begun of bone:  foot.L, index:  32
		processing begun of bone:  toe.L, index:  33
		processing begun of bone:  heel.02.L, index:  34
		processing begun of bone:  thigh.R, index:  35
		processing begun of bone:  shin.R, index:  36
		processing begun of bone:  foot.R, index:  37
		processing begun of bone:  toe.R, index:  38
		processing begun of bone:  heel.02.R, index:  39
	processing begun of mesh:  Body
		processing begun of material:  TextureJR
			processing texture main
				texture type:  emissiveTexture, mapped using: "UVMap"
		num positions      :  1808
		num normals        :  1808
		num tangents       :  0
		num uvs            :  3616
		num uvs2           :  0
		num colors         :  7232
		num triangles      :  1568
		Skeleton stats:  
			Total Influencers:  3993
			Avg # of influencers per vertex:  2.2085
			Highest # of influencers observed:  6, num vertices with this:  17
			exported as 6 influencers
			num skeletonWeights and skeletonIndices:  14464
	processing begun of mesh:  Hand Nails
		processing begun of material:  TextureJR
		registered as also a user of material:  TextureJR
		num positions      :  5
		num normals        :  5
		num tangents       :  0
		num uvs            :  10
		num uvs2           :  0
		num colors         :  0
		num triangles      :  4
	processing begun of mesh:  Head
		processing begun of material:  TextureJR
		registered as also a user of material:  TextureJR
		num positions      :  421
		num normals        :  421
		num tangents       :  0
		num uvs            :  842
		num uvs2           :  0
		num colors         :  1684
		num triangles      :  254
		Skeleton stats:  
			Total Influencers:  421
			Avg # of influencers per vertex:  1
			Highest # of influencers observed:  1, num vertices with this:  421
			exported as 1 influencers
			num skeletonWeights and skeletonIndices:  1684
	processing begun of mesh:  Tail
		processing begun of material:  TextureJR
		registered as also a user of material:  TextureJR
		num positions      :  159
		num normals        :  159
		num tangents       :  0
		num uvs            :  318
		num uvs2           :  0
		num colors         :  636
		num triangles      :  308
		Skeleton stats:  
			Total Influencers:  234
			Avg # of influencers per vertex:  1.4717
			Highest # of influencers observed:  2, num vertices with this:  75
			exported as 2 influencers
			num skeletonWeights and skeletonIndices:  636
	processing begun of mesh:  Feet Nails
		processing begun of material:  TextureJR
		registered as also a user of material:  TextureJR
		num positions      :  120
		num normals        :  120
		num tangents       :  0
		num uvs            :  240
		num uvs2           :  0
		num colors         :  0
		num triangles      :  40
		Skeleton stats:  
			Total Influencers:  240
			Avg # of influencers per vertex:  2
			Highest # of influencers observed:  2, num vertices with this:  120
			exported as 2 influencers
			num skeletonWeights and skeletonIndices:  480
	processing begun of mesh:  Ears
		processing begun of material:  TextureJR
		registered as also a user of material:  TextureJR
		num positions      :  48
		num normals        :  48
		num tangents       :  0
		num uvs            :  96
		num uvs2           :  0
		num colors         :  192
		num triangles      :  36
		Skeleton stats:  
			Total Influencers:  48
			Avg # of influencers per vertex:  1
			Highest # of influencers observed:  1, num vertices with this:  48
			exported as 1 influencers
			num skeletonWeights and skeletonIndices:  192
	processing begun of mesh:  Plane.001
		processing begun of material:  TextureJR
		registered as also a user of material:  TextureJR
		num positions      :  20
		num normals        :  20
		num tangents       :  0
		num uvs            :  40
		num uvs2           :  0
		num colors         :  80
		num triangles      :  16
		Skeleton stats:  
			Total Influencers:  20
			Avg # of influencers per vertex:  1
			Highest # of influencers observed:  1, num vertices with this:  20
			exported as 1 influencers
			num skeletonWeights and skeletonIndices:  80
	processing begun of mesh:  Hand Nails.001
		processing begun of material:  TextureJR
		registered as also a user of material:  TextureJR
		num positions      :  5
		num normals        :  5
		num tangents       :  0
		num uvs            :  10
		num uvs2           :  0
		num colors         :  0
		num triangles      :  4
	processing begun of mesh:  Hand Nails.002
		processing begun of material:  TextureJR
		registered as also a user of material:  TextureJR
		num positions      :  5
		num normals        :  5
		num tangents       :  0
		num uvs            :  10
		num uvs2           :  0
		num colors         :  0
		num triangles      :  4
	processing begun of mesh:  Hand Nails.003
		processing begun of material:  TextureJR
		registered as also a user of material:  TextureJR
		num positions      :  5
		num normals        :  5
		num tangents       :  0
		num uvs            :  10
		num uvs2           :  0
		num colors         :  0
		num triangles      :  4
	processing begun of mesh:  Hand Nails.004
		processing begun of material:  TextureJR
		registered as also a user of material:  TextureJR
		num positions      :  5
		num normals        :  5
		num tangents       :  0
		num uvs            :  10
		num uvs2           :  0
		num colors         :  0
		num triangles      :  4
	processing begun of mesh:  Hand Nails.005
		processing begun of material:  TextureJR
		registered as also a user of material:  TextureJR
		num positions      :  5
		num normals        :  5
		num tangents       :  0
		num uvs            :  10
		num uvs2           :  0
		num colors         :  0
		num triangles      :  4
	processing begun of mesh:  Hand Nails.006
		processing begun of material:  TextureJR
		registered as also a user of material:  TextureJR
		num positions      :  5
		num normals        :  5
		num tangents       :  0
		num uvs            :  10
		num uvs2           :  0
		num colors         :  0
		num triangles      :  4
	processing begun of mesh:  Hand Nails.007
		processing begun of material:  TextureJR
		registered as also a user of material:  TextureJR
		num positions      :  5
		num normals        :  5
		num tangents       :  0
		num uvs            :  10
		num uvs2           :  0
		num colors         :  0
		num triangles      :  4
	processing begun of mesh:  Hand Nails.008
		processing begun of material:  TextureJR
		registered as also a user of material:  TextureJR
		num positions      :  5
		num normals        :  5
		num tangents       :  0
		num uvs            :  10
		num uvs2           :  0
		num colors         :  0
		num triangles      :  4
	processing begun of mesh:  Hand Nails.009
		processing begun of material:  TextureJR
		registered as also a user of material:  TextureJR
		num positions      :  5
		num normals        :  5
		num tangents       :  0
		num uvs            :  10
		num uvs2           :  0
		num colors         :  0
		num triangles      :  4
========= Writing of JSON file started =========
	writing mesh:  Body
	writing mesh:  Hand Nails
	writing mesh:  Head
	writing mesh:  Tail
	writing mesh:  Feet Nails
	writing mesh:  Ears
	writing mesh:  Plane.001
	writing mesh:  Hand Nails.001
	writing mesh:  Hand Nails.002
	writing mesh:  Hand Nails.003
	writing mesh:  Hand Nails.004
	writing mesh:  Hand Nails.005
	writing mesh:  Hand Nails.006
	writing mesh:  Hand Nails.007
	writing mesh:  Hand Nails.008
	writing mesh:  Hand Nails.009
========= Writing of JSON file completed =========
========= end of processing =========
elapsed time:  0 min, 1.2099 secs
